2026-05-13 16:58:34,368 - INFO - Запущена пакетная обработка. Выбрано файлов: 10
2026-05-13 16:58:34,369 - INFO - Начало обработки файла: rpt_mon_detail_prof-1775652991163 (2).xlsx
2026-05-13 16:58:34,695 - INFO - Успех! Файл rpt_mon_detail_prof-1775652991163 (2).xlsx обработан. Записано свежих строк: 1473
2026-05-13 16:58:34,695 - INFO - Начало обработки файла: rpt_mon_detail_prof-1777544889745.xlsx
2026-05-13 16:58:34,795 - INFO - Обнаружено перекрытие данных! Очищено 710 старых записей перед обновлением:
2026-05-13 16:58:34,795 - INFO -   -> [2026-01-01 00:00:00 | Отделение сосудистой хирургии] удалено старых строк: 37
2026-05-13 16:58:34,795 - INFO -   -> [2026-01-01 00:00:00 | Отделение хирургического лечения сложных нарушений ритма сердца и электрокардиостимуляции] удалено старых строк: 124
2026-05-13 16:58:34,795 - INFO -   -> [2026-01-01 00:00:00 | Кардиохирургическое отделение] удалено старых строк: 22
2026-05-13 16:58:34,795 - INFO -   -> [2026-02-01 00:00:00 | Отделение сосудистой хирургии] удалено старых строк: 58
2026-05-13 16:58:34,795 - INFO -   -> [2026-02-01 00:00:00 | Кардиохирургическое отделение] удалено старых строк: 21
2026-05-13 16:58:34,795 - INFO -   -> [2026-02-01 00:00:00 | Отделение хирургического лечения сложных нарушений ритма сердца и электрокардиостимуляции] удалено старых строк: 157
2026-05-13 16:58:34,795 - INFO -   -> [2026-02-01 00:00:00 | Отделение анестезиологии-реанимации №08] удалено старых строк: 6
2026-05-13 16:58:34,795 - INFO -   -> [2026-02-01 00:00:00 | Отделение анестезиологии-реанимации №02] удалено старых строк: 7
2026-05-13 16:58:34,795 - INFO -   -> [2026-03-01 00:00:00 | Отделение сосудистой хирургии] удалено старых строк: 52
2026-05-13 16:58:34,796 - INFO -   -> [2026-03-01 00:00:00 | Кардиохирургическое отделение] удалено старых строк: 33
2026-05-13 16:58:34,796 - INFO -   -> [2026-03-01 00:00:00 | Отделение анестезиологии-реанимации №05] удалено старых строк: 2
2026-05-13 16:58:34,796 - INFO -   -> [2026-03-01 00:00:00 | Отделение хирургического лечения сложных нарушений ритма сердца и электрокардиостимуляции] удалено старых строк: 191
2026-05-13 16:58:34,805 - INFO - Успех! Файл rpt_mon_detail_prof-1777544889745.xlsx обработан. Записано свежих строк: 697
2026-05-13 16:58:34,805 - INFO - Начало обработки файла: rpt_mon_detail_prof-1777545388330.xlsx
2026-05-13 16:58:34,917 - INFO - Обнаружено перекрытие данных! Очищено 602 старых записей перед обновлением:
2026-05-13 16:58:34,917 - INFO -   -> [2026-01-01 00:00:00 | Отделение сосудистой хирургии] удалено старых строк: 179
2026-05-13 16:58:34,917 - INFO -   -> [2026-01-01 00:00:00 | Отделение хирургического лечения сложных нарушений ритма сердца и электрокардиостимуляции] удалено старых строк: 3
2026-05-13 16:58:34,918 - INFO -   -> [2026-01-01 00:00:00 | Отделение анестезиологии-реанимации №04] удалено старых строк: 1
2026-05-13 16:58:34,918 - INFO -   -> [2026-01-01 00:00:00 | Кардиохирургическое отделение] удалено старых строк: 4
2026-05-13 16:58:34,918 - INFO -   -> [2026-02-01 00:00:00 | Отделение сосудистой хирургии] удалено старых строк: 226
2026-05-13 16:58:34,918 - INFO -   -> [2026-02-01 00:00:00 | Кардиохирургическое отделение] удалено старых строк: 7
2026-05-13 16:58:34,918 - INFO -   -> [2026-02-01 00:00:00 | Отделение хирургического лечения сложных нарушений ритма сердца и электрокардиостимуляции] удалено старых строк: 1
2026-05-13 16:58:34,918 - INFO -   -> [2026-02-01 00:00:00 | Отделение анестезиологии-реанимации №04] удалено старых строк: 1
2026-05-13 16:58:34,918 - INFO -   -> [2026-02-01 00:00:00 | Отделение анестезиологии-реанимации №08] удалено старых строк: 15
2026-05-13 16:58:34,918 - INFO -   -> [2026-02-01 00:00:00 | Отделение анестезиологии-реанимации №02] удалено старых строк: 2
2026-05-13 16:58:34,918 - INFO -   -> [2026-03-01 00:00:00 | Отделение сосудистой хирургии] удалено старых строк: 144
2026-05-13 16:58:34,918 - INFO -   -> [2026-03-01 00:00:00 | Кардиохирургическое отделение] удалено старых строк: 11
2026-05-13 16:58:34,918 - INFO -   -> [2026-03-01 00:00:00 | Отделение анестезиологии-реанимации №05] удалено старых строк: 5
2026-05-13 16:58:34,918 - INFO -   -> [2026-03-01 00:00:00 | Отделение хирургического лечения сложных нарушений ритма сердца и электрокардиостимуляции] удалено старых строк: 3
2026-05-13 16:58:34,927 - INFO - Успех! Файл rpt_mon_detail_prof-1777545388330.xlsx обработан. Записано свежих строк: 602
2026-05-13 16:58:34,927 - INFO - Начало обработки файла: rpt_mon_detail_prof-1777545417111.xlsx
2026-05-13 16:58:34,987 - INFO - Обнаружено перекрытие данных! Очищено 582 старых записей перед обновлением:
2026-05-13 16:58:34,988 - INFO -   -> [2026-01-01 00:00:00 | Отделение сосудистой хирургии] удалено старых строк: 179
2026-05-13 16:58:34,988 - INFO -   -> [2026-02-01 00:00:00 | Отделение сосудистой хирургии] удалено старых строк: 226
2026-05-13 16:58:34,988 - INFO -   -> [2026-02-01 00:00:00 | Отделение анестезиологии-реанимации №08] удалено старых строк: 15
2026-05-13 16:58:34,988 - INFO -   -> [2026-02-01 00:00:00 | Отделение анестезиологии-реанимации №02] удалено старых строк: 2
2026-05-13 16:58:34,988 - INFO -   -> [2026-03-01 00:00:00 | Отделение сосудистой хирургии] удалено старых строк: 144
2026-05-13 16:58:34,988 - INFO -   -> [2026-03-01 00:00:00 | Кардиохирургическое отделение] удалено старых строк: 11
2026-05-13 16:58:34,988 - INFO -   -> [2026-03-01 00:00:00 | Отделение анестезиологии-реанимации №05] удалено старых строк: 5
2026-05-13 16:58:34,995 - INFO - Успех! Файл rpt_mon_detail_prof-1777545417111.xlsx обработан. Записано свежих строк: 331
2026-05-13 16:58:34,995 - INFO - Начало обработки файла: rpt_mon_detail_prof-1777545432359.xlsx
2026-05-13 16:58:35,015 - INFO - Обнаружено перекрытие данных! Очищено 6 старых записей перед обновлением:
2026-05-13 16:58:35,015 - INFO -   -> [2026-01-01 00:00:00 | Отделение хирургического лечения сложных нарушений ритма сердца и электрокардиостимуляции] удалено старых строк: 3
2026-05-13 16:58:35,015 - INFO -   -> [2026-03-01 00:00:00 | Отделение хирургического лечения сложных нарушений ритма сердца и электрокардиостимуляции] удалено старых строк: 3
2026-05-13 16:58:35,018 - INFO - Успех! Файл rpt_mon_detail_prof-1777545432359.xlsx обработан. Записано свежих строк: 6
2026-05-13 16:58:35,018 - INFO - Начало обработки файла: rpt_mon_detail_prof-1777545476226.xlsx
2026-05-13 16:58:35,041 - INFO - Обнаружено перекрытие данных! Очищено 18 старых записей перед обновлением:
2026-05-13 16:58:35,041 - INFO -   -> [2026-01-01 00:00:00 | Отделение анестезиологии-реанимации №04] удалено старых строк: 1
2026-05-13 16:58:35,041 - INFO -   -> [2026-01-01 00:00:00 | Кардиохирургическое отделение] удалено старых строк: 4
2026-05-13 16:58:35,041 - INFO -   -> [2026-02-01 00:00:00 | Кардиохирургическое отделение] удалено старых строк: 7
2026-05-13 16:58:35,041 - INFO -   -> [2026-02-01 00:00:00 | Отделение хирургического лечения сложных нарушений ритма сердца и электрокардиостимуляции] удалено старых строк: 1
2026-05-13 16:58:35,041 - INFO -   -> [2026-02-01 00:00:00 | Отделение анестезиологии-реанимации №04] удалено старых строк: 1
2026-05-13 16:58:35,041 - INFO -   -> [2026-03-01 00:00:00 | Кардиохирургическое отделение] удалено старых строк: 4
2026-05-13 16:58:35,045 - INFO - Успех! Файл rpt_mon_detail_prof-1777545476226.xlsx обработан. Записано свежих строк: 21
2026-05-13 16:58:35,045 - INFO - Начало обработки файла: rpt_mon_detail_prof-1777545486472.xlsx
2026-05-13 16:58:35,104 - INFO - Обнаружено перекрытие данных! Очищено 400 старых записей перед обновлением:
2026-05-13 16:58:35,104 - INFO -   -> [2026-01-01 00:00:00 | Отделение сосудистой хирургии] удалено старых строк: 96
2026-05-13 16:58:35,104 - INFO -   -> [2026-01-01 00:00:00 | Стационар кратковременного пребывания №1] удалено старых строк: 29
2026-05-13 16:58:35,104 - INFO -   -> [2026-02-01 00:00:00 | Отделение сосудистой хирургии] удалено старых строк: 130
2026-05-13 16:58:35,104 - INFO -   -> [2026-02-01 00:00:00 | Стационар кратковременного пребывания №1] удалено старых строк: 18
2026-05-13 16:58:35,104 - INFO -   -> [2026-03-01 00:00:00 | Отделение сосудистой хирургии] удалено старых строк: 79
2026-05-13 16:58:35,104 - INFO -   -> [2026-03-01 00:00:00 | Стационар кратковременного пребывания №1] удалено старых строк: 48
2026-05-13 16:58:35,110 - INFO - Успех! Файл rpt_mon_detail_prof-1777545486472.xlsx обработан. Записано свежих строк: 339
2026-05-13 16:58:35,110 - INFO - Начало обработки файла: rpt_mon_detail_prof-1777545501676.xlsx
2026-05-13 16:58:35,159 - INFO - Обнаружено перекрытие данных! Очищено 244 старых записей перед обновлением:
2026-05-13 16:58:35,159 - INFO -   -> [2026-01-01 00:00:00 | Отделение сосудистой хирургии] удалено старых строк: 83
2026-05-13 16:58:35,159 - INFO -   -> [2026-02-01 00:00:00 | Отделение сосудистой хирургии] удалено старых строк: 96
2026-05-13 16:58:35,159 - INFO -   -> [2026-03-01 00:00:00 | Отделение сосудистой хирургии] удалено старых строк: 65
2026-05-13 16:58:35,164 - INFO - Успех! Файл rpt_mon_detail_prof-1777545501676.xlsx обработан. Записано свежих строк: 244
2026-05-13 16:58:35,164 - INFO - Начало обработки файла: rpt_mon_detail_prof-1777545510689.xlsx
2026-05-13 16:58:35,195 - INFO - Обнаружено перекрытие данных! Очищено 95 старых записей перед обновлением:
2026-05-13 16:58:35,195 - INFO -   -> [2026-01-01 00:00:00 | Стационар кратковременного пребывания №1] удалено старых строк: 29
2026-05-13 16:58:35,195 - INFO -   -> [2026-02-01 00:00:00 | Стационар кратковременного пребывания №1] удалено старых строк: 18
2026-05-13 16:58:35,195 - INFO -   -> [2026-03-01 00:00:00 | Стационар кратковременного пребывания №1] удалено старых строк: 48
2026-05-13 16:58:35,199 - INFO - Успех! Файл rpt_mon_detail_prof-1777545510689.xlsx обработан. Записано свежих строк: 95
2026-05-13 16:58:35,199 - INFO - Начало обработки файла: rpt_mon_detail_prof-1778138493876.xlsx
2026-05-13 16:58:35,287 - INFO - Успех! Файл rpt_mon_detail_prof-1778138493876.xlsx обработан. Записано свежих строк: 557
2026-06-29 14:04:09,769 - INFO - Запущена пакетная обработка. Выбрано файлов: 45
2026-06-29 14:04:09,779 - INFO - Начало обработки файла: rpt_mon_detail_prof-1782723253616.xlsx
2026-06-29 14:04:12,202 - INFO - Обнаружено перекрытие данных! Очищено 1315 старых записей перед обновлением:
2026-06-29 14:04:12,203 - INFO -    -> [2026-04-01 00:00:00 | Гинекологическое отделение | акушерство и гинекология] удалено старых строк: 207
2026-06-29 14:04:12,203 - INFO -    -> [2026-04-01 00:00:00 | Акушерское физиологическое отделение № 1 | акушерство и гинекология] удалено старых строк: 578
2026-06-29 14:04:12,204 - INFO -    -> [2026-04-01 00:00:00 | Акушерское отделение патологии беременности № 1 | акушерство и гинекология] удалено старых строк: 47
2026-06-29 14:04:12,204 - INFO -    -> [2026-04-01 00:00:00 | Стационар кратковременного пребывания № 2 | акушерство и гинекология] удалено старых строк: 482
2026-06-29 14:04:12,204 - INFO -    -> [2026-04-01 00:00:00 | Хирургическое отделение | акушерство и гинекология] удалено старых строк: 1
2026-06-29 14:04:12,718 - INFO - Успех! Файл rpt_mon_detail_prof-1782723253616.xlsx обработан. Записано свежих строк: 2610
2026-06-29 14:04:12,719 - INFO - Начало обработки файла: rpt_mon_detail_prof-1782723267124.xlsx
2026-06-29 14:04:13,043 - INFO - Обнаружено перекрытие данных! Очищено 578 старых записей перед обновлением:
2026-06-29 14:04:13,046 - INFO -    -> [2026-04-01 00:00:00 | Акушерское физиологическое отделение № 1 | из них роды] удалено старых строк: 578
2026-06-29 14:04:13,455 - INFO - Успех! Файл rpt_mon_detail_prof-1782723267124.xlsx обработан. Записано свежих строк: 1139
2026-06-29 14:04:13,455 - INFO - Начало обработки файла: rpt_mon_detail_prof-1782723280123.xlsx
2026-06-29 14:04:13,556 - INFO - Обнаружено перекрытие данных! Очищено 47 старых записей перед обновлением:
2026-06-29 14:04:13,556 - INFO -    -> [2026-04-01 00:00:00 | Акушерское отделение патологии беременности № 1 | из них сохранение беременности более 22 недель] удалено старых строк: 47
2026-06-29 14:04:13,797 - INFO - Успех! Файл rpt_mon_detail_prof-1782723280123.xlsx обработан. Записано свежих строк: 95
2026-06-29 14:04:13,797 - INFO - Начало обработки файла: rpt_mon_detail_prof-1782723292373.xlsx
2026-06-29 14:04:13,848 - INFO - Обнаружено перекрытие данных! Очищено 4 старых записей перед обновлением:
2026-06-29 14:04:13,848 - INFO -    -> [2026-04-01 00:00:00 | Гинекологическое отделение | акушерство и гинекология - в т.ч. акушерство (с сохранением беременности до 22 недель)] удалено старых строк: 4
2026-06-29 14:04:13,983 - INFO - Успех! Файл rpt_mon_detail_prof-1782723292373.xlsx обработан. Записано свежих строк: 11
2026-06-29 14:04:13,983 - INFO - Начало обработки файла: rpt_mon_detail_prof-1782723305757.xlsx
2026-06-29 14:04:14,588 - INFO - Обнаружено перекрытие данных! Очищено 686 старых записей перед обновлением:
2026-06-29 14:04:14,588 - INFO -    -> [2026-04-01 00:00:00 | Гинекологическое отделение | из них гинекология] удалено старых строк: 203
2026-06-29 14:04:14,589 - INFO -    -> [2026-04-01 00:00:00 | Стационар кратковременного пребывания № 2 | из них гинекология] удалено старых строк: 482
2026-06-29 14:04:14,589 - INFO -    -> [2026-04-01 00:00:00 | Хирургическое отделение | из них гинекология] удалено старых строк: 1
2026-06-29 14:04:15,019 - INFO - Успех! Файл rpt_mon_detail_prof-1782723305757.xlsx обработан. Записано свежих строк: 1365
2026-06-29 14:04:15,020 - INFO - Начало обработки файла: rpt_mon_detail_prof-1782723318268.xlsx
2026-06-29 14:04:15,182 - INFO - Обнаружено перекрытие данных! Очищено 202 старых записей перед обновлением:
2026-06-29 14:04:15,182 - INFO -    -> [2026-04-01 00:00:00 | Гинекологическое отделение | в т.ч. гинекология в круглосуточном стационаре] удалено старых строк: 201
2026-06-29 14:04:15,182 - INFO -    -> [2026-04-01 00:00:00 | Хирургическое отделение | в т.ч. гинекология в круглосуточном стационаре] удалено старых строк: 1
2026-06-29 14:04:15,489 - INFO - Успех! Файл rpt_mon_detail_prof-1782723318268.xlsx обработан. Записано свежих строк: 422
2026-06-29 14:04:15,490 - INFO - Начало обработки файла: rpt_mon_detail_prof-1782723330747.xlsx
2026-06-29 14:04:15,775 - INFO - Обнаружено перекрытие данных! Очищено 484 старых записей перед обновлением:
2026-06-29 14:04:15,775 - INFO -    -> [2026-04-01 00:00:00 | Гинекологическое отделение | в т.ч. гинекология в условиях СКП] удалено старых строк: 2
2026-06-29 14:04:15,776 - INFO -    -> [2026-04-01 00:00:00 | Стационар кратковременного пребывания № 2 | в т.ч. гинекология в условиях СКП] удалено старых строк: 482
2026-06-29 14:04:16,081 - INFO - Успех! Файл rpt_mon_detail_prof-1782723330747.xlsx обработан. Записано свежих строк: 943
2026-06-29 14:04:16,081 - INFO - Начало обработки файла: rpt_mon_detail_prof-1782723340695.xlsx
2026-06-29 14:04:16,387 - INFO - Обнаружено перекрытие данных! Очищено 248 старых записей перед обновлением:
2026-06-29 14:04:16,387 - INFO -    -> [2026-04-01 00:00:00 | Отделение анестезиологии-реанимации №07 | анестезиология и реаниматология] удалено старых строк: 48
2026-06-29 14:04:16,388 - INFO -    -> [2026-04-01 00:00:00 | Отделение анестезиологии-реанимации №08 | анестезиология и реаниматология] удалено старых строк: 39
2026-06-29 14:04:16,388 - INFO -    -> [2026-04-01 00:00:00 | Отделение анестезиологии-реанимации №03 | анестезиология и реаниматология] удалено старых строк: 64
2026-06-29 14:04:16,388 - INFO -    -> [2026-04-01 00:00:00 | Отделение анестезиологии-реанимации №02 | анестезиология и реаниматология] удалено старых строк: 26
2026-06-29 14:04:16,388 - INFO -    -> [2026-04-01 00:00:00 | Отделение анестезиологии-реанимации №05 | анестезиология и реаниматология] удалено старых строк: 44
2026-06-29 14:04:16,388 - INFO -    -> [2026-04-01 00:00:00 | Отделение реанимации и интенсивной терапии для новорожденных № 1 | анестезиология и реаниматология] удалено старых строк: 26
2026-06-29 14:04:16,389 - INFO -    -> [2026-04-01 00:00:00 | Отделение анестезиологии-реанимации №04 | анестезиология и реаниматология] удалено старых строк: 1
2026-06-29 14:04:16,820 - INFO - Успех! Файл rpt_mon_detail_prof-1782723340695.xlsx обработан. Записано свежих строк: 451
2026-06-29 14:04:16,820 - INFO - Начало обработки файла: rpt_mon_detail_prof-1782723352936.xlsx
2026-06-29 14:04:17,112 - INFO - Обнаружено перекрытие данных! Очищено 222 старых записей перед обновлением:
2026-06-29 14:04:17,112 - INFO -    -> [2026-04-01 00:00:00 | Отделение анестезиологии-реанимации №07 | из них взрослое население] удалено старых строк: 48
2026-06-29 14:04:17,112 - INFO -    -> [2026-04-01 00:00:00 | Отделение анестезиологии-реанимации №08 | из них взрослое население] удалено старых строк: 39
2026-06-29 14:04:17,113 - INFO -    -> [2026-04-01 00:00:00 | Отделение анестезиологии-реанимации №03 | из них взрослое население] удалено старых строк: 64
2026-06-29 14:04:17,113 - INFO -    -> [2026-04-01 00:00:00 | Отделение анестезиологии-реанимации №02 | из них взрослое население] удалено старых строк: 26
2026-06-29 14:04:17,113 - INFO -    -> [2026-04-01 00:00:00 | Отделение анестезиологии-реанимации №05 | из них взрослое население] удалено старых строк: 44
2026-06-29 14:04:17,113 - INFO -    -> [2026-04-01 00:00:00 | Отделение анестезиологии-реанимации №04 | из них взрослое население] удалено старых строк: 1
2026-06-29 14:04:17,521 - INFO - Успех! Файл rpt_mon_detail_prof-1782723352936.xlsx обработан. Записано свежих строк: 397
2026-06-29 14:04:17,521 - INFO - Начало обработки файла: rpt_mon_detail_prof-1782723367070.xlsx
2026-06-29 14:04:17,578 - INFO - Обнаружено перекрытие данных! Очищено 26 старых записей перед обновлением:
2026-06-29 14:04:17,578 - INFO -    -> [2026-04-01 00:00:00 | Отделение реанимации и интенсивной терапии для новорожденных № 1 | из них детское население] удалено старых строк: 26
2026-06-29 14:04:17,806 - INFO - Успех! Файл rpt_mon_detail_prof-1782723367070.xlsx обработан. Записано свежих строк: 54
2026-06-29 14:04:17,807 - INFO - Начало обработки файла: rpt_mon_detail_prof-1782723378571.xlsx
2026-06-29 14:04:18,378 - INFO - Обнаружено перекрытие данных! Очищено 923 старых записей перед обновлением:
2026-06-29 14:04:18,379 - INFO -    -> [2026-04-01 00:00:00 | Отделение анестезиологии-реанимации №03 | кардиология] удалено старых строк: 17
2026-06-29 14:04:18,379 - INFO -    -> [2026-04-01 00:00:00 | Кардиологическое отделение | кардиология] удалено старых строк: 448
2026-06-29 14:04:18,379 - INFO -    -> [2026-04-01 00:00:00 | Кардиологическое отделение, в том числе для больных инфарктом миокарда | кардиология] удалено старых строк: 419
2026-06-29 14:04:18,379 - INFO -    -> [2026-04-01 00:00:00 | Отделение анестезиологии-реанимации №08 | кардиология] удалено старых строк: 17
2026-06-29 14:04:18,379 - INFO -    -> [2026-04-01 00:00:00 | Отделение Неотложной помощи | кардиология] удалено старых строк: 2
2026-06-29 14:04:18,379 - INFO -    -> [2026-04-01 00:00:00 | Отделение хирургического лечения сложных нарушений ритма сердца и электрокардиостимуляции | кардиология] удалено старых строк: 5
2026-06-29 14:04:18,380 - INFO -    -> [2026-04-01 00:00:00 | Кардиохирургическое отделение | кардиология] удалено старых строк: 15
2026-06-29 14:04:18,857 - INFO - Успех! Файл rpt_mon_detail_prof-1782723378571.xlsx обработан. Записано свежих строк: 1885
2026-06-29 14:04:18,858 - INFO - Начало обработки файла: rpt_mon_detail_prof-1782723388869.xlsx
2026-06-29 14:04:19,370 - INFO - Обнаружено перекрытие данных! Очищено 765 старых записей перед обновлением:
2026-06-29 14:04:19,370 - INFO -    -> [2026-04-01 00:00:00 | Отделение анестезиологии-реанимации №03 | - из них кардиология] удалено старых строк: 17
2026-06-29 14:04:19,371 - INFO -    -> [2026-04-01 00:00:00 | Кардиологическое отделение | - из них кардиология] удалено старых строк: 446
2026-06-29 14:04:19,371 - INFO -    -> [2026-04-01 00:00:00 | Кардиологическое отделение, в том числе для больных инфарктом миокарда | - из них кардиология] удалено старых строк: 263
2026-06-29 14:04:19,371 - INFO -    -> [2026-04-01 00:00:00 | Отделение анестезиологии-реанимации №08 | - из них кардиология] удалено старых строк: 17
2026-06-29 14:04:19,371 - INFO -    -> [2026-04-01 00:00:00 | Отделение Неотложной помощи | - из них кардиология] удалено старых строк: 2
2026-06-29 14:04:19,371 - INFO -    -> [2026-04-01 00:00:00 | Отделение хирургического лечения сложных нарушений ритма сердца и электрокардиостимуляции | - из них кардиология] удалено старых строк: 5
2026-06-29 14:04:19,371 - INFO -    -> [2026-04-01 00:00:00 | Кардиохирургическое отделение | - из них кардиология] удалено старых строк: 15
2026-06-29 14:04:19,938 - INFO - Успех! Файл rpt_mon_detail_prof-1782723388869.xlsx обработан. Записано свежих строк: 1529
2026-06-29 14:04:19,938 - INFO - Начало обработки файла: rpt_mon_detail_prof-1782723399018.xlsx
2026-06-29 14:04:20,078 - INFO - Обнаружено перекрытие данных! Очищено 158 старых записей перед обновлением:
2026-06-29 14:04:20,079 - INFO -    -> [2026-04-01 00:00:00 | Кардиологическое отделение, в том числе для больных инфарктом миокарда | - из них стентирование коронарных артерий] удалено старых строк: 156
2026-06-29 14:04:20,079 - INFO -    -> [2026-04-01 00:00:00 | Кардиологическое отделение | - из них стентирование коронарных артерий] удалено старых строк: 2
2026-06-29 14:04:20,382 - INFO - Успех! Файл rpt_mon_detail_prof-1782723399018.xlsx обработан. Записано свежих строк: 356
2026-06-29 14:04:20,382 - INFO - Начало обработки файла: rpt_mon_detail_prof-1782723409997.xlsx
2026-06-29 14:04:20,858 - INFO - Обнаружено перекрытие данных! Очищено 691 старых записей перед обновлением:
2026-06-29 14:04:20,858 - INFO -    -> [2026-04-01 00:00:00 | Неврологическое отделение для больных с острыми нарушениями мозгового кровообращения | неврология] удалено старых строк: 270
2026-06-29 14:04:20,859 - INFO -    -> [2026-04-01 00:00:00 | Неврологическое отделение | неврология] удалено старых строк: 391
2026-06-29 14:04:20,859 - INFO -    -> [2026-04-01 00:00:00 | Отделение анестезиологии-реанимации №02 | неврология] удалено старых строк: 11
2026-06-29 14:04:20,859 - INFO -    -> [2026-04-01 00:00:00 | Отделение анестезиологии-реанимации №08 | неврология] удалено старых строк: 13
2026-06-29 14:04:20,859 - INFO -    -> [2026-04-01 00:00:00 | Отделение анестезиологии-реанимации №05 | неврология] удалено старых строк: 6
2026-06-29 14:04:21,652 - INFO - Успех! Файл rpt_mon_detail_prof-1782723409997.xlsx обработан. Записано свежих строк: 1309
2026-06-29 14:04:21,653 - INFO - Начало обработки файла: rpt_mon_detail_prof-1782723420946.xlsx
2026-06-29 14:04:21,896 - INFO - Обнаружено перекрытие данных! Очищено 409 старых записей перед обновлением:
2026-06-29 14:04:21,896 - INFO -    -> [2026-04-01 00:00:00 | Неврологическое отделение | в т.ч. прочие] удалено старых строк: 391
2026-06-29 14:04:21,897 - INFO -    -> [2026-04-01 00:00:00 | Отделение анестезиологии-реанимации №08 | в т.ч. прочие] удалено старых строк: 13
2026-06-29 14:04:21,897 - INFO -    -> [2026-04-01 00:00:00 | Отделение анестезиологии-реанимации №05 | в т.ч. прочие] удалено старых строк: 3
2026-06-29 14:04:21,898 - INFO -    -> [2026-04-01 00:00:00 | Отделение анестезиологии-реанимации №02 | в т.ч. прочие] удалено старых строк: 2
2026-06-29 14:04:22,510 - INFO - Успех! Файл rpt_mon_detail_prof-1782723420946.xlsx обработан. Записано свежих строк: 776
2026-06-29 14:04:22,510 - INFO - Начало обработки файла: rpt_mon_detail_prof-1782723428034.xlsx
2026-06-29 14:04:22,765 - INFO - Обнаружено перекрытие данных! Очищено 282 старых записей перед обновлением:
2026-06-29 14:04:22,765 - INFO -    -> [2026-04-01 00:00:00 | Неврологическое отделение для больных с острыми нарушениями мозгового кровообращения | в т.ч. ОНМК] удалено старых строк: 270
2026-06-29 14:04:22,765 - INFO -    -> [2026-04-01 00:00:00 | Отделение анестезиологии-реанимации №02 | в т.ч. ОНМК] удалено старых строк: 9
2026-06-29 14:04:22,765 - INFO -    -> [2026-04-01 00:00:00 | Отделение анестезиологии-реанимации №05 | в т.ч. ОНМК] удалено старых строк: 3
2026-06-29 14:04:23,259 - INFO - Успех! Файл rpt_mon_detail_prof-1782723428034.xlsx обработан. Записано свежих строк: 533
2026-06-29 14:04:23,260 - INFO - Начало обработки файла: rpt_mon_detail_prof-1782723437474.xlsx
2026-06-29 14:04:23,395 - INFO - Обнаружено перекрытие данных! Очищено 129 старых записей перед обновлением:
2026-06-29 14:04:23,395 - INFO -    -> [2026-04-01 00:00:00 | Нейрохирургическое отделение | нейрохирургия] удалено старых строк: 129
2026-06-29 14:04:23,685 - INFO - Успех! Файл rpt_mon_detail_prof-1782723437474.xlsx обработан. Записано свежих строк: 251
2026-06-29 14:04:23,685 - INFO - Начало обработки файла: rpt_mon_detail_prof-1782723474552.xlsx
2026-06-29 14:04:23,909 - INFO - Обнаружено перекрытие данных! Очищено 228 старых записей перед обновлением:
2026-06-29 14:04:23,909 - INFO -    -> [2026-04-01 00:00:00 | Отделение сосудистой хирургии | сердечно-сосудистая хирургия] удалено старых строк: 195
2026-06-29 14:04:23,910 - INFO -    -> [2026-04-01 00:00:00 | Кардиохирургическое отделение | сердечно-сосудистая хирургия] удалено старых строк: 11
2026-06-29 14:04:23,910 - INFO -    -> [2026-04-01 00:00:00 | Отделение анестезиологии-реанимации №05 | сердечно-сосудистая хирургия] удалено старых строк: 5
2026-06-29 14:04:23,910 - INFO -    -> [2026-04-01 00:00:00 | Стационар кратковременного пребывания №1 | сердечно-сосудистая хирургия] удалено старых строк: 14
2026-06-29 14:04:23,910 - INFO -    -> [2026-04-01 00:00:00 | Отделение анестезиологии-реанимации №04 | сердечно-сосудистая хирургия] удалено старых строк: 3
2026-06-29 14:04:24,392 - INFO - Успех! Файл rpt_mon_detail_prof-1782723474552.xlsx обработан. Записано свежих строк: 434
2026-06-29 14:04:24,392 - INFO - Начало обработки файла: rpt_mon_detail_prof-1782723491937.xlsx
2026-06-29 14:04:24,620 - INFO - Обнаружено перекрытие данных! Очищено 214 старых записей перед обновлением:
2026-06-29 14:04:24,621 - INFO -    -> [2026-04-01 00:00:00 | Отделение сосудистой хирургии | из них сердечно-сосудистая хирургия в круглосуточном стационаре] удалено старых строк: 195
2026-06-29 14:04:24,621 - INFO -    -> [2026-04-01 00:00:00 | Кардиохирургическое отделение | из них сердечно-сосудистая хирургия в круглосуточном стационаре] удалено старых строк: 11
2026-06-29 14:04:24,621 - INFO -    -> [2026-04-01 00:00:00 | Отделение анестезиологии-реанимации №05 | из них сердечно-сосудистая хирургия в круглосуточном стационаре] удалено старых строк: 5
2026-06-29 14:04:24,621 - INFO -    -> [2026-04-01 00:00:00 | Отделение анестезиологии-реанимации №04 | из них сердечно-сосудистая хирургия в круглосуточном стационаре] удалено старых строк: 3
2026-06-29 14:04:25,109 - INFO - Успех! Файл rpt_mon_detail_prof-1782723491937.xlsx обработан. Записано свежих строк: 333
2026-06-29 14:04:25,109 - INFO - Начало обработки файла: rpt_mon_detail_prof-1782723513175.xlsx
2026-06-29 14:04:25,206 - INFO - Обнаружено перекрытие данных! Очищено 87 старых записей перед обновлением:
2026-06-29 14:04:25,206 - INFO -    -> [2026-04-01 00:00:00 | Отделение сосудистой хирургии | в т.ч. сосудистая хирургия] удалено старых строк: 86
2026-06-29 14:04:25,206 - INFO -    -> [2026-04-01 00:00:00 | Кардиохирургическое отделение | в т.ч. сосудистая хирургия] удалено старых строк: 1
2026-06-29 14:04:25,534 - INFO - Успех! Файл rpt_mon_detail_prof-1782723513175.xlsx обработан. Записано свежих строк: 159
2026-06-29 14:04:25,534 - INFO - Начало обработки файла: rpt_mon_detail_prof-1782723529994.xlsx
2026-06-29 14:04:25,674 - INFO - Успех! Файл rpt_mon_detail_prof-1782723529994.xlsx обработан. Записано свежих строк: 2
2026-06-29 14:04:25,674 - INFO - Начало обработки файла: rpt_mon_detail_prof-1782723542880.xlsx
2026-06-29 14:04:25,715 - INFO - Обнаружено перекрытие данных! Очищено 10 старых записей перед обновлением:
2026-06-29 14:04:25,716 - INFO -    -> [2026-04-01 00:00:00 | Кардиохирургическое отделение | в т.ч. кардиохирургия] удалено старых строк: 10
2026-06-29 14:04:25,871 - INFO - Успех! Файл rpt_mon_detail_prof-1782723542880.xlsx обработан. Записано свежих строк: 17
2026-06-29 14:04:25,872 - INFO - Начало обработки файла: rpt_mon_detail_prof-1782723552943.xlsx
2026-06-29 14:04:25,985 - INFO - Обнаружено перекрытие данных! Очищено 131 старых записей перед обновлением:
2026-06-29 14:04:25,985 - INFO -    -> [2026-04-01 00:00:00 | Отделение сосудистой хирургии | в т.ч. флебология] удалено старых строк: 109
2026-06-29 14:04:25,986 - INFO -    -> [2026-04-01 00:00:00 | Отделение анестезиологии-реанимации №05 | в т.ч. флебология] удалено старых строк: 5
2026-06-29 14:04:25,987 - INFO -    -> [2026-04-01 00:00:00 | Стационар кратковременного пребывания №1 | в т.ч. флебология] удалено старых строк: 14
2026-06-29 14:04:25,987 - INFO -    -> [2026-04-01 00:00:00 | Отделение анестезиологии-реанимации №04 | в т.ч. флебология] удалено старых строк: 3
2026-06-29 14:04:26,517 - INFO - Успех! Файл rpt_mon_detail_prof-1782723552943.xlsx обработан. Записано свежих строк: 256
2026-06-29 14:04:26,517 - INFO - Начало обработки файла: rpt_mon_detail_prof-1782723576098.xlsx
2026-06-29 14:04:26,621 - INFO - Обнаружено перекрытие данных! Очищено 117 старых записей перед обновлением:
2026-06-29 14:04:26,621 - INFO -    -> [2026-04-01 00:00:00 | Отделение сосудистой хирургии | из них в круглосуточном стационаре] удалено старых строк: 109
2026-06-29 14:04:26,622 - INFO -    -> [2026-04-01 00:00:00 | Отделение анестезиологии-реанимации №05 | из них в круглосуточном стационаре] удалено старых строк: 5
2026-06-29 14:04:26,622 - INFO -    -> [2026-04-01 00:00:00 | Отделение анестезиологии-реанимации №04 | из них в круглосуточном стационаре] удалено старых строк: 3
2026-06-29 14:04:26,959 - INFO - Успех! Файл rpt_mon_detail_prof-1782723576098.xlsx обработан. Записано свежих строк: 155
2026-06-29 14:04:26,959 - INFO - Начало обработки файла: rpt_mon_detail_prof-1782723588008.xlsx
2026-06-29 14:04:27,036 - INFO - Обнаружено перекрытие данных! Очищено 14 старых записей перед обновлением:
2026-06-29 14:04:27,036 - INFO -    -> [2026-04-01 00:00:00 | Стационар кратковременного пребывания №1 | из них в условиях СКП] удалено старых строк: 14
2026-06-29 14:04:27,250 - INFO - Успех! Файл rpt_mon_detail_prof-1782723588008.xlsx обработан. Записано свежих строк: 101
2026-06-29 14:04:27,250 - INFO - Начало обработки файла: rpt_mon_detail_prof-1782723601327.xlsx
2026-06-29 14:04:27,311 - INFO - Обнаружено перекрытие данных! Очищено 14 старых записей перед обновлением:
2026-06-29 14:04:27,312 - INFO -    -> [2026-04-01 00:00:00 | Стационар кратковременного пребывания №1 | из них сердечно-сосудистая хирургия в условиях СКП] удалено старых строк: 14
2026-06-29 14:04:27,517 - INFO - Успех! Файл rpt_mon_detail_prof-1782723601327.xlsx обработан. Записано свежих строк: 101
2026-06-29 14:04:27,517 - INFO - Начало обработки файла: rpt_mon_detail_prof-1782723649361.xlsx
2026-06-29 14:04:28,420 - INFO - Обнаружено перекрытие данных! Очищено 1562 старых записей перед обновлением:
2026-06-29 14:04:28,420 - INFO -    -> [2026-04-01 00:00:00 | Диагностическое отделение | скорая медицинская помощь] удалено старых строк: 1025
2026-06-29 14:04:28,420 - INFO -    -> [2026-04-01 00:00:00 | Отделение Неотложной помощи | скорая медицинская помощь] удалено старых строк: 537
2026-06-29 14:04:28,959 - INFO - Успех! Файл rpt_mon_detail_prof-1782723649361.xlsx обработан. Записано свежих строк: 3219
2026-06-29 14:04:28,959 - INFO - Начало обработки файла: rpt_mon_detail_prof-1782723658708.xlsx
2026-06-29 14:04:29,843 - INFO - Обнаружено перекрытие данных! Очищено 1352 старых записей перед обновлением:
2026-06-29 14:04:29,844 - INFO -    -> [2026-04-01 00:00:00 | Диагностическое отделение | в т.ч. досуточная диагностика и лечение в ССК] удалено старых строк: 862
2026-06-29 14:04:29,844 - INFO -    -> [2026-04-01 00:00:00 | Отделение Неотложной помощи | в т.ч. досуточная диагностика и лечение в ССК] удалено старых строк: 490
2026-06-29 14:04:30,374 - INFO - Успех! Файл rpt_mon_detail_prof-1782723658708.xlsx обработан. Записано свежих строк: 2805
2026-06-29 14:04:30,374 - INFO - Начало обработки файла: rpt_mon_detail_prof-1782723671765.xlsx
2026-06-29 14:04:30,525 - INFO - Обнаружено перекрытие данных! Очищено 210 старых записей перед обновлением:
2026-06-29 14:04:30,526 - INFO -    -> [2026-04-01 00:00:00 | Диагностическое отделение | в т.ч. досуточная диагностика и лечение] удалено старых строк: 163
2026-06-29 14:04:30,526 - INFO -    -> [2026-04-01 00:00:00 | Отделение Неотложной помощи | в т.ч. досуточная диагностика и лечение] удалено старых строк: 47
2026-06-29 14:04:30,949 - INFO - Успех! Файл rpt_mon_detail_prof-1782723671765.xlsx обработан. Записано свежих строк: 414
2026-06-29 14:04:30,950 - INFO - Начало обработки файла: rpt_mon_detail_prof-1782723685900.xlsx
2026-06-29 14:04:31,128 - INFO - Обнаружено перекрытие данных! Очищено 161 старых записей перед обновлением:
2026-06-29 14:04:31,129 - INFO -    -> [2026-04-01 00:00:00 | Стационар кратковременного пребывания №1 | травматология и ортопедия] удалено старых строк: 20
2026-06-29 14:04:31,129 - INFO -    -> [2026-04-01 00:00:00 | Травматологическое отделение | травматология и ортопедия] удалено старых строк: 137
2026-06-29 14:04:31,129 - INFO -    -> [2026-04-01 00:00:00 | Отделение анестезиологии-реанимации №05 | травматология и ортопедия] удалено старых строк: 4
2026-06-29 14:04:31,503 - INFO - Успех! Файл rpt_mon_detail_prof-1782723685900.xlsx обработан. Записано свежих строк: 324
2026-06-29 14:04:31,503 - INFO - Начало обработки файла: rpt_mon_detail_prof-1782723701257.xlsx
2026-06-29 14:04:31,656 - INFO - Обнаружено перекрытие данных! Очищено 141 старых записей перед обновлением:
2026-06-29 14:04:31,657 - INFO -    -> [2026-04-01 00:00:00 | Травматологическое отделение | из них травматология и ортопедия в круглосуточном стационаре] удалено старых строк: 137
2026-06-29 14:04:31,657 - INFO -    -> [2026-04-01 00:00:00 | Отделение анестезиологии-реанимации №05 | из них травматология и ортопедия в круглосуточном стационаре] удалено старых строк: 4
2026-06-29 14:04:32,069 - INFO - Успех! Файл rpt_mon_detail_prof-1782723701257.xlsx обработан. Записано свежих строк: 280
2026-06-29 14:04:32,069 - INFO - Начало обработки файла: rpt_mon_detail_prof-1782723710121.xlsx
2026-06-29 14:04:32,118 - INFO - Обнаружено перекрытие данных! Очищено 20 старых записей перед обновлением:
2026-06-29 14:04:32,119 - INFO -    -> [2026-04-01 00:00:00 | Стационар кратковременного пребывания №1 | из них травматология и ортопедия в условиях СКП] удалено старых строк: 20
2026-06-29 14:04:32,301 - INFO - Успех! Файл rpt_mon_detail_prof-1782723710121.xlsx обработан. Записано свежих строк: 44
2026-06-29 14:04:32,301 - INFO - Начало обработки файла: rpt_mon_detail_prof-1782723719982.xlsx
2026-06-29 14:04:32,805 - INFO - Обнаружено перекрытие данных! Очищено 882 старых записей перед обновлением:
2026-06-29 14:04:32,805 - INFO -    -> [2026-04-01 00:00:00 | Хирургическое отделение | хирургия] удалено старых строк: 477
2026-06-29 14:04:32,805 - INFO -    -> [2026-04-01 00:00:00 | Стационар кратковременного пребывания №1 | хирургия] удалено старых строк: 188
2026-06-29 14:04:32,805 - INFO -    -> [2026-04-01 00:00:00 | Отделение гнойной хирургии | хирургия] удалено старых строк: 164
2026-06-29 14:04:32,806 - INFO -    -> [2026-04-01 00:00:00 | Отделение анестезиологии-реанимации №05 | хирургия] удалено старых строк: 53
2026-06-29 14:04:33,519 - INFO - Успех! Файл rpt_mon_detail_prof-1782723719982.xlsx обработан. Записано свежих строк: 1658
2026-06-29 14:04:33,519 - INFO - Начало обработки файла: rpt_mon_detail_prof-1782723738460.xlsx
2026-06-29 14:04:33,993 - INFO - Обнаружено перекрытие данных! Очищено 684 старых записей перед обновлением:
2026-06-29 14:04:33,993 - INFO -    -> [2026-04-01 00:00:00 | Хирургическое отделение | из них хирургия в круглосуточном стационаре] удалено старых строк: 467
2026-06-29 14:04:33,993 - INFO -    -> [2026-04-01 00:00:00 | Отделение гнойной хирургии | из них хирургия в круглосуточном стационаре] удалено старых строк: 164
2026-06-29 14:04:33,994 - INFO -    -> [2026-04-01 00:00:00 | Отделение анестезиологии-реанимации №05 | из них хирургия в круглосуточном стационаре] удалено старых строк: 53
2026-06-29 14:04:34,673 - INFO - Успех! Файл rpt_mon_detail_prof-1782723738460.xlsx обработан. Записано свежих строк: 1314
2026-06-29 14:04:34,674 - INFO - Начало обработки файла: rpt_mon_detail_prof-1782723754126.xlsx
2026-06-29 14:04:34,966 - INFO - Обнаружено перекрытие данных! Очищено 502 старых записей перед обновлением:
2026-06-29 14:04:34,966 - INFO -    -> [2026-04-01 00:00:00 | Хирургическое отделение | в т.ч. чистая хирургия в круглосуточном стационаре] удалено старых строк: 467
2026-06-29 14:04:34,966 - INFO -    -> [2026-04-01 00:00:00 | Отделение анестезиологии-реанимации №05 | в т.ч. чистая хирургия в круглосуточном стационаре] удалено старых строк: 35
2026-06-29 14:04:35,706 - INFO - Успех! Файл rpt_mon_detail_prof-1782723754126.xlsx обработан. Записано свежих строк: 982
2026-06-29 14:04:35,706 - INFO - Начало обработки файла: rpt_mon_detail_prof-1782723769010.xlsx
2026-06-29 14:04:35,843 - INFO - Обнаружено перекрытие данных! Очищено 182 старых записей перед обновлением:
2026-06-29 14:04:35,865 - INFO -    -> [2026-04-01 00:00:00 | Отделение гнойной хирургии | в т.ч. гнойная хирургия в круглосуточном стационаре] удалено старых строк: 164
2026-06-29 14:04:35,873 - INFO -    -> [2026-04-01 00:00:00 | Отделение анестезиологии-реанимации №05 | в т.ч. гнойная хирургия в круглосуточном стационаре] удалено старых строк: 18
2026-06-29 14:04:36,310 - INFO - Успех! Файл rpt_mon_detail_prof-1782723769010.xlsx обработан. Записано свежих строк: 332
2026-06-29 14:04:36,310 - INFO - Начало обработки файла: rpt_mon_detail_prof-1782723781590.xlsx
2026-06-29 14:04:36,462 - INFO - Обнаружено перекрытие данных! Очищено 198 старых записей перед обновлением:
2026-06-29 14:04:36,463 - INFO -    -> [2026-04-01 00:00:00 | Стационар кратковременного пребывания №1 | из них хирургия в условиях СКП] удалено старых строк: 188
2026-06-29 14:04:36,463 - INFO -    -> [2026-04-01 00:00:00 | Хирургическое отделение | из них хирургия в условиях СКП] удалено старых строк: 10
2026-06-29 14:04:36,754 - INFO - Успех! Файл rpt_mon_detail_prof-1782723781590.xlsx обработан. Записано свежих строк: 344
2026-06-29 14:04:36,755 - INFO - Начало обработки файла: rpt_mon_detail_prof-1782723803620.xlsx
2026-06-29 14:04:36,873 - INFO - Обнаружено перекрытие данных! Очищено 190 старых записей перед обновлением:
2026-06-29 14:04:36,873 - INFO -    -> [2026-04-01 00:00:00 | Стационар кратковременного пребывания №1 | в т.ч. чистая хирургия в условиях СКП] удалено старых строк: 180
2026-06-29 14:04:36,874 - INFO -    -> [2026-04-01 00:00:00 | Хирургическое отделение | в т.ч. чистая хирургия в условиях СКП] удалено старых строк: 10
2026-06-29 14:04:37,097 - INFO - Успех! Файл rpt_mon_detail_prof-1782723803620.xlsx обработан. Записано свежих строк: 306
2026-06-29 14:04:37,097 - INFO - Начало обработки файла: rpt_mon_detail_prof-1782723815130.xlsx
2026-06-29 14:04:37,146 - INFO - Обнаружено перекрытие данных! Очищено 8 старых записей перед обновлением:
2026-06-29 14:04:37,147 - INFO -    -> [2026-04-01 00:00:00 | Стационар кратковременного пребывания №1 | в т.ч. гнойная хирургия в условиях СКП] удалено старых строк: 8
2026-06-29 14:04:37,345 - INFO - Успех! Файл rpt_mon_detail_prof-1782723815130.xlsx обработан. Записано свежих строк: 38
2026-06-29 14:04:37,345 - INFO - Начало обработки файла: rpt_mon_detail_prof-1782723826785.xlsx
2026-06-29 14:04:37,477 - INFO - Обнаружено перекрытие данных! Очищено 158 старых записей перед обновлением:
2026-06-29 14:04:37,477 - INFO -    -> [2026-04-01 00:00:00 | Эндокринологическое отделение | эндокринология] удалено старых строк: 157
2026-06-29 14:04:37,478 - INFO -    -> [2026-04-01 00:00:00 | Консультативно-диагностический центр №1 | эндокринология] удалено старых строк: 1
2026-06-29 14:04:37,874 - INFO - Успех! Файл rpt_mon_detail_prof-1782723826785.xlsx обработан. Записано свежих строк: 272
2026-06-29 14:04:37,874 - INFO - Начало обработки файла: rpt_mon_detail_prof-1782723834809.xlsx
2026-06-29 14:04:38,190 - INFO - Обнаружено перекрытие данных! Очищено 533 старых записей перед обновлением:
2026-06-29 14:04:38,190 - INFO -    -> [2026-04-01 00:00:00 | Терапевтическое отделение | Терапия] удалено старых строк: 499
2026-06-29 14:04:38,191 - INFO -    -> [2026-04-01 00:00:00 | Отделение анестезиологии-реанимации №05 | Терапия] удалено старых строк: 6
2026-06-29 14:04:38,191 - INFO -    -> [2026-04-01 00:00:00 | Отделение анестезиологии-реанимации №08 | Терапия] удалено старых строк: 28
2026-06-29 14:04:38,881 - INFO - Успех! Файл rpt_mon_detail_prof-1782723834809.xlsx обработан. Записано свежих строк: 1034
2026-06-29 14:04:38,881 - INFO - Начало обработки файла: rpt_mon_detail_prof-1782723851008.xlsx
2026-06-29 14:04:38,942 - INFO - Обнаружено перекрытие данных! Очищено 29 старых записей перед обновлением:
2026-06-29 14:04:38,942 - INFO -    -> [2026-04-01 00:00:00 | Эндокринологическое отделение | Диагностика] удалено старых строк: 18
2026-06-29 14:04:38,942 - INFO -    -> [2026-04-01 00:00:00 | Неврологическое отделение | Диагностика] удалено старых строк: 9
2026-06-29 14:04:38,943 - INFO -    -> [2026-04-01 00:00:00 | Кардиологическое отделение | Диагностика] удалено старых строк: 2
2026-06-29 14:04:39,218 - INFO - Успех! Файл rpt_mon_detail_prof-1782723851008.xlsx обработан. Записано свежих строк: 71
2026-06-29 14:04:39,218 - INFO - Начало обработки файла: rpt_mon_detail_prof-1782723866423.xlsx
2026-06-29 14:04:39,594 - INFO - Обнаружено перекрытие данных! Очищено 466 старых записей перед обновлением:
2026-06-29 14:04:39,594 - INFO -    -> [2026-04-01 00:00:00 | Нейрохирургическое отделение | в т.ч. ВМП] удалено старых строк: 108
2026-06-29 14:04:39,594 - INFO -    -> [2026-04-01 00:00:00 | Отделение хирургического лечения сложных нарушений ритма сердца и электрокардиостимуляции | в т.ч. ВМП] удалено старых строк: 175
2026-06-29 14:04:39,594 - INFO -    -> [2026-04-01 00:00:00 | Травматологическое отделение | в т.ч. ВМП] удалено старых строк: 70
2026-06-29 14:04:39,595 - INFO -    -> [2026-04-01 00:00:00 | Эндокринологическое отделение | в т.ч. ВМП] удалено старых строк: 4
2026-06-29 14:04:39,595 - INFO -    -> [2026-04-01 00:00:00 | Кардиохирургическое отделение | в т.ч. ВМП] удалено старых строк: 39
2026-06-29 14:04:39,595 - INFO -    -> [2026-04-01 00:00:00 | Отделение сосудистой хирургии | в т.ч. ВМП] удалено старых строк: 44
2026-06-29 14:04:39,595 - INFO -    -> [2026-04-01 00:00:00 | Гинекологическое отделение | в т.ч. ВМП] удалено старых строк: 21
2026-06-29 14:04:39,595 - INFO -    -> [2026-04-01 00:00:00 | Кардиологическое отделение, в том числе для больных инфарктом миокарда | в т.ч. ВМП] удалено старых строк: 4
2026-06-29 14:04:39,596 - INFO -    -> [2026-04-01 00:00:00 | Отделение анестезиологии-реанимации №04 | в т.ч. ВМП] удалено старых строк: 1
2026-06-29 14:04:40,233 - INFO - Успех! Файл rpt_mon_detail_prof-1782723866423.xlsx обработан. Записано свежих строк: 892
2026-06-29 14:04:40,233 - INFO - Начало обработки файла: rpt_mon_detail_prof-1782723908958.xlsx
2026-06-29 14:04:41,188 - INFO - Обнаружено перекрытие данных! Очищено 1285 старых записей перед обновлением:
2026-06-29 14:04:41,188 - INFO -    -> [2026-04-01 00:00:00 | Женская консультация "Центр женского здоровья на Лобненской" | Сверх базовой программы ОМС - Пренатальная диагностика] удалено старых строк: 1126
2026-06-29 14:04:41,188 - INFO -    -> [2026-04-01 00:00:00 | Женская консультация №5 | Сверх базовой программы ОМС - Пренатальная диагностика] удалено старых строк: 44
2026-06-29 14:04:41,189 - INFO -    -> [2026-04-01 00:00:00 | Женская консультация №11 | Сверх базовой программы ОМС - Пренатальная диагностика] удалено старых строк: 11
2026-06-29 14:04:41,189 - INFO -    -> [2026-04-01 00:00:00 | Женская консультация №7 | Сверх базовой программы ОМС - Пренатальная диагностика] удалено старых строк: 38
2026-06-29 14:04:41,189 - INFO -    -> [2026-04-01 00:00:00 | Женская консультация №6 | Сверх базовой программы ОМС - Пренатальная диагностика] удалено старых строк: 27
2026-06-29 14:04:41,190 - INFO -    -> [2026-04-01 00:00:00 | Женская консультация №3 | Сверх базовой программы ОМС - Пренатальная диагностика] удалено старых строк: 39
2026-06-29 14:04:41,695 - INFO - Успех! Файл rpt_mon_detail_prof-1782723908958.xlsx обработан. Записано свежих строк: 2525
2026-06-29 14:04:41,695 - INFO - Начало обработки файла: rpt_mon_detail_prof-1782724104478.xlsx
2026-06-29 14:04:42,846 - INFO - Успех! Файл rpt_mon_detail_prof-1782724104478.xlsx обработан. Записано свежих строк: 1072
